#
# There is insufficient memory for the Java Runtime Environment to continue.
# Native memory allocation (mmap) failed to map 536870912 bytes for G1 virtual space
# Possible reasons:
#   The system is out of physical RAM or swap space
#   The process is running with CompressedOops enabled, and the Java Heap may be blocking the growth of the native heap
# Possible solutions:
#   Reduce memory load on the system
#   Increase physical memory or swap space
#   Check if swap backing store is full
#   Decrease Java heap size (-Xmx/-Xms)
#   Decrease number of Java threads
#   Decrease Java thread stack sizes (-Xss)
#   Set larger code cache with -XX:ReservedCodeCacheSize=
#   JVM is running with Zero Based Compressed Oops mode in which the Java heap is
#     placed in the first 32GB address space. The Java Heap base address is the
#     maximum limit for the native heap growth. Please use -XX:HeapBaseMinAddress
#     to set the Java Heap base and to place the Java Heap above 32GB virtual address.
# This output file may be truncated or incomplete.
#
#  Out of Memory Error (os_windows.cpp:3535), pid=15988, tid=25624
#
# JRE version:  (17.0.4.1+1) (build )
# Java VM: Java HotSpot(TM) 64-Bit Server VM (17.0.4.1+1-LTS-2, mixed mode, sharing, tiered, compressed oops, compressed class ptrs, g1 gc, windows-amd64)
# No core dump will be written. Minidumps are not enabled by default on client versions of Windows
#

---------------  S U M M A R Y ------------

Command Line: 

Host: Intel(R) Core(TM) i9-9900KF CPU @ 3.60GHz, 16 cores, 31G,  Windows 10 , 64 bit Build 19041 (10.0.19041.5915)
Time: Tue Jun  9 08:36:57 2026  Windows 10 , 64 bit Build 19041 (10.0.19041.5915) elapsed time: 0.010047 seconds (0d 0h 0m 0s)

---------------  T H R E A D  ---------------

Current thread (0x000001b71d24b7f0):  JavaThread "Unknown thread" [_thread_in_vm, id=25624, stack(0x00000017c7000000,0x00000017c7100000)]

Stack: [0x00000017c7000000,0x00000017c7100000]
Native frames: (J=compiled Java code, j=interpreted, Vv=VM code, C=native code)
V  [jvm.dll+0x6723ba]
V  [jvm.dll+0x7d1e34]
V  [jvm.dll+0x7d35de]
V  [jvm.dll+0x7d3c43]
V  [jvm.dll+0x243065]
V  [jvm.dll+0x66f2d9]
V  [jvm.dll+0x663c22]
V  [jvm.dll+0x3011cb]
V  [jvm.dll+0x308766]
V  [jvm.dll+0x35846e]
V  [jvm.dll+0x35869f]
V  [jvm.dll+0x2d83e8]
V  [jvm.dll+0x2d9354]
V  [jvm.dll+0x7a3911]
V  [jvm.dll+0x3662c1]
V  [jvm.dll+0x782d7c]
V  [jvm.dll+0x3e8c1f]
V  [jvm.dll+0x3ea6c1]
C  [jli.dll+0x527b]
C  [ucrtbase.dll+0x21bb2]
C  [KERNEL32.DLL+0x17374]
C  [ntdll.dll+0x4cc91]


---------------  P R O C E S S  ---------------

Threads class SMR info:
_java_thread_list=0x00007ff8f90ea858, length=0, elements={
}

Java Threads: ( => current thread )

Other Threads:
  0x000001b71f3c45d0 GCTaskThread "GC Thread#0" [stack: 0x00000017c7100000,0x00000017c7200000] [id=31496]
  0x000001b71f3d7380 ConcurrentGCThread "G1 Main Marker" [stack: 0x00000017c7200000,0x00000017c7300000] [id=24620]
  0x000001b71f3d7ca0 ConcurrentGCThread "G1 Conc#0" [stack: 0x00000017c7300000,0x00000017c7400000] [id=1036]

[error occurred during error reporting (printing all threads), id 0xc0000005, EXCEPTION_ACCESS_VIOLATION (0xc0000005) at pc=0x00007ff8f8938dd7]

VM state: not at safepoint (not fully initialized)

VM Mutex/Monitor currently owned by a thread:  ([mutex/lock_event])
[0x000001b71f318490] Heap_lock - owner thread: 0x000001b71d24b7f0

Heap address: 0x0000000601800000, size: 8168 MB, Compressed Oops mode: Zero based, Oop shift amount: 3

CDS archive(s) mapped at: [0x0000000000000000-0x0000000000000000-0x0000000000000000), size 0, SharedBaseAddress: 0x0000000800000000, ArchiveRelocationMode: 0.
Narrow klass base: 0x0000000000000000, Narrow klass shift: 0, Narrow klass range: 0x0

GC Precious Log:
<Empty>

Heap:
 garbage-first heap   total 0K, used 0K [0x0000000601800000, 0x0000000800000000)
  region size 4096K, 0 young (0K), 0 survivors (0K)

[error occurred during error reporting (printing heap information), id 0xc0000005, EXCEPTION_ACCESS_VIOLATION (0xc0000005) at pc=0x00007ff8f8d1b869]

GC Heap History (0 events):
No events

Deoptimization events (0 events):
No events

Classes unloaded (0 events):
No events

Classes redefined (0 events):
No events

Internal exceptions (0 events):
No events

VM Operations (0 events):
No events

Events (1 events):
Event: 0.005 Loaded shared library C:\Program Files\Java\jdk-17.0.4.1\bin\java.dll


Dynamic libraries:
0x00007ff6b0340000 - 0x00007ff6b0350000 	C:\Program Files\Java\jdk-17.0.4.1\bin\java.exe
0x00007ff9aa3d0000 - 0x00007ff9aa5c8000 	C:\WINDOWS\SYSTEM32\ntdll.dll
0x00007ff9a89e0000 - 0x00007ff9a8aa2000 	C:\WINDOWS\System32\KERNEL32.DLL
0x00007ff9a7ee0000 - 0x00007ff9a81d6000 	C:\WINDOWS\System32\KERNELBASE.dll
0x00007ff9a7ce0000 - 0x00007ff9a7de0000 	C:\WINDOWS\System32\ucrtbase.dll
0x00007ff989510000 - 0x00007ff989528000 	C:\Program Files\Java\jdk-17.0.4.1\bin\jli.dll
0x00007ff9a9b30000 - 0x00007ff9a9be1000 	C:\WINDOWS\System32\ADVAPI32.dll
0x00007ff9887a0000 - 0x00007ff9887ba000 	C:\Program Files\Java\jdk-17.0.4.1\bin\VCRUNTIME140.dll
0x00007ff9a9710000 - 0x00007ff9a97ae000 	C:\WINDOWS\System32\msvcrt.dll
0x00007ff9a8940000 - 0x00007ff9a89df000 	C:\WINDOWS\System32\sechost.dll
0x00007ff9a9bf0000 - 0x00007ff9a9d10000 	C:\WINDOWS\System32\RPCRT4.dll
0x00007ff9a83c0000 - 0x00007ff9a83e7000 	C:\WINDOWS\System32\bcrypt.dll
0x00007ff9a97b0000 - 0x00007ff9a9951000 	C:\WINDOWS\System32\USER32.dll
0x00007ff9a8390000 - 0x00007ff9a83b2000 	C:\WINDOWS\System32\win32u.dll
0x00007ff9a8910000 - 0x00007ff9a893b000 	C:\WINDOWS\System32\GDI32.dll
0x00007ff98b300000 - 0x00007ff98b59b000 	C:\WINDOWS\WinSxS\amd64_microsoft.windows.common-controls_6595b64144ccf1df_6.0.19041.6456_none_60b8a6cb71f64256\COMCTL32.dll
0x00007ff9a81e0000 - 0x00007ff9a82f9000 	C:\WINDOWS\System32\gdi32full.dll
0x00007ff9a7c40000 - 0x00007ff9a7cdd000 	C:\WINDOWS\System32\msvcp_win.dll
0x00007ff9a18f0000 - 0x00007ff9a18fa000 	C:\WINDOWS\SYSTEM32\VERSION.dll
0x00007ff9a95c0000 - 0x00007ff9a95ef000 	C:\WINDOWS\System32\IMM32.DLL
0x00007ff9a0e80000 - 0x00007ff9a0e8c000 	C:\Program Files\Java\jdk-17.0.4.1\bin\vcruntime140_1.dll
0x00007ff979a90000 - 0x00007ff979b1d000 	C:\Program Files\Java\jdk-17.0.4.1\bin\msvcp140.dll
0x00007ff8f8650000 - 0x00007ff8f9212000 	C:\Program Files\Java\jdk-17.0.4.1\bin\server\jvm.dll
0x00007ff9a9310000 - 0x00007ff9a9318000 	C:\WINDOWS\System32\PSAPI.DLL
0x00007ff9a11e0000 - 0x00007ff9a11e9000 	C:\WINDOWS\SYSTEM32\WSOCK32.dll
0x00007ff998010000 - 0x00007ff998037000 	C:\WINDOWS\SYSTEM32\WINMM.dll
0x00007ff9a9550000 - 0x00007ff9a95bb000 	C:\WINDOWS\System32\WS2_32.dll
0x00007ff9a58f0000 - 0x00007ff9a5902000 	C:\WINDOWS\SYSTEM32\kernel.appcore.dll
0x00007ff98d120000 - 0x00007ff98d12a000 	C:\Program Files\Java\jdk-17.0.4.1\bin\jimage.dll
0x00007ff99fc50000 - 0x00007ff99fe51000 	C:\WINDOWS\SYSTEM32\DBGHELP.DLL
0x00007ff99fb40000 - 0x00007ff99fb74000 	C:\WINDOWS\SYSTEM32\dbgcore.DLL
0x00007ff9a8300000 - 0x00007ff9a8382000 	C:\WINDOWS\System32\bcryptPrimitives.dll
0x00007ff9863d0000 - 0x00007ff9863f5000 	C:\Program Files\Java\jdk-17.0.4.1\bin\java.dll

dbghelp: loaded successfully - version: 4.0.5 - missing functions: none
symbol engine: initialized successfully - sym options: 0x614 - pdb path: .;C:\Program Files\Java\jdk-17.0.4.1\bin;C:\WINDOWS\SYSTEM32;C:\WINDOWS\WinSxS\amd64_microsoft.windows.common-controls_6595b64144ccf1df_6.0.19041.6456_none_60b8a6cb71f64256;C:\Program Files\Java\jdk-17.0.4.1\bin\server

VM Arguments:
java_command: <unknown>
java_class_path (initial): <not set>
Launcher Type: SUN_STANDARD

[Global flags]
     intx CICompilerCount                          = 12                                        {product} {ergonomic}
     uint ConcGCThreads                            = 3                                         {product} {ergonomic}
     uint G1ConcRefinementThreads                  = 13                                        {product} {ergonomic}
   size_t G1HeapRegionSize                         = 4194304                                   {product} {ergonomic}
    uintx GCDrainStackTargetSize                   = 64                                        {product} {ergonomic}
   size_t InitialHeapSize                          = 536870912                                 {product} {ergonomic}
   size_t MarkStackSize                            = 4194304                                   {product} {ergonomic}
   size_t MaxHeapSize                              = 8564768768                                {product} {ergonomic}
   size_t MinHeapDeltaBytes                        = 4194304                                   {product} {ergonomic}
   size_t MinHeapSize                              = 8388608                                   {product} {ergonomic}
    uintx NonNMethodCodeHeapSize                   = 7602480                                {pd product} {ergonomic}
    uintx NonProfiledCodeHeapSize                  = 122027880                              {pd product} {ergonomic}
    uintx ProfiledCodeHeapSize                     = 122027880                              {pd product} {ergonomic}
    uintx ReservedCodeCacheSize                    = 251658240                              {pd product} {ergonomic}
     bool SegmentedCodeCache                       = true                                      {product} {ergonomic}
   size_t SoftMaxHeapSize                          = 8564768768                             {manageable} {ergonomic}
     bool UseCompressedClassPointers               = true                           {product lp64_product} {ergonomic}
     bool UseCompressedOops                        = true                           {product lp64_product} {ergonomic}
     bool UseG1GC                                  = true                                      {product} {ergonomic}
     bool UseLargePagesIndividualAllocation        = false                                  {pd product} {ergonomic}

Logging:
Log output configuration:
 #0: stdout all=warning uptime,level,tags
 #1: stderr all=off uptime,level,tags

Environment Variables:
JAVA_HOME=C:/Program Files/Java/jdk-17.0.4.1
PATH=C:\Users\dmytr\AppData\Local\cloud-code\bin\versions\5d34a2de8f88f70b21c460b5511b65b6655aab69faf672c0b5000f1ee88306fb;C:\Program Files\Common Files\Oracle\Java\javapath;C:\Program Files (x86)\Common Files\Oracle\Java\java8path;C:\Program Files (x86)\Common Files\Oracle\Java\javapath;C:\Program Files (x86)\RSA SecurID Token Common;C:\Program Files\RSA SecurID Token Common;C:\Windows\system32;C:\Windows;C:\Windows\System32\Wbem;C:\Windows\System32\WindowsPowerShell\v1.0\;C:\Windows\System32\OpenSSH\;C:\Program Files (x86)\NVIDIA Corporation\PhysX\Common;C:\Program Files\Intel\WiFi\bin\;C:\Program Files\Common Files\Intel\WirelessCommon\;C:\ProgramData\chocolatey\bin;C:\kubelogin\;C:\Program Files\nodejs\;C:\Program Files\Docker\Docker\resources\bin;C:\ProgramData\DockerDesktop\version-bin;C:\Gradle\gradle-6.6.1\bin;C:\Users\dmytr\.aws;C:\WINDOWS\system32;C:\WINDOWS;C:\WINDOWS\System32\Wbem;C:\WINDOWS\System32\WindowsPowerShell\v1.0\;C:\WINDOWS\System32\OpenSSH\;C:\Program Files\Git\cmd;C:\Program Files\dotnet\;C:\Program Files\TortoiseGit\bin;C:\Program Files (x86)\GitExtensions\;C:\Program Files (x86)\Gpg4win\..\GnuPG\bin;C:\Program Files\NVIDIA Corporation\NVIDIA app\NvDLISR;C:\Program Files (x86)\Windows Kits\10\Windows Performance Toolkit\;F:\vs\Common7\IDE\CommonExtensions\Microsoft\CMake\CMake\bin;C:\Users\dmytr\Downloads\ninja-win;C:\Program Files (x86)\Windows Kits\10\bin\10.0.26100.0\x64\rc.exe;C:\Users\dmytr\miniforge3;C:\Users\dmytr\miniforge3\Library\mingw-w64\bin;C:\Users\dmytr\miniforge3\Library\usr\bin;C:\Users\dmytr\miniforge3\Library\bin;C:\Users\dmytr\miniforge3\Scripts;C:\Users\dmytr\AppData\Local\Programs\Python\Python310\Scripts\;C:\Users\dmytr\AppData\Local\Programs\Python\Python310\;C:\Users\dmytr\AppData\Local\Programs\Python\Python37-32\Scripts\;C:\Users\dmytr\AppData\Local\Programs\Python\Python37-32\;C:\Users\dmytr\AppData\Local\Programs\Python\Python36-32\Scripts\;C:\Users\dmytr\AppData\Local\Programs\Python\Python36-32\;C:\Program Files\
USERNAME=dmytr
OS=Windows_NT
PROCESSOR_IDENTIFIER=Intel64 Family 6 Model 158 Stepping 12, GenuineIntel



---------------  S Y S T E M  ---------------

OS:
 Windows 10 , 64 bit Build 19041 (10.0.19041.5915)
OS uptime: 22 days 14:14 hours

CPU: total 16 (initial active 16) (8 cores per cpu, 2 threads per core) family 6 model 158 stepping 12 microcode 0xd6, cx8, cmov, fxsr, ht, mmx, 3dnowpref, sse, sse2, sse3, ssse3, sse4.1, sse4.2, popcnt, lzcnt, tsc, tscinvbit, avx, avx2, aes, erms, clmul, bmi1, bmi2, rtm, adx, fma, vzeroupper, clflush, clflushopt

Memory: 4k page, system-wide physical 32661M (7989M free)
TotalPageFile size 32661M (AvailPageFile size 130M)
current process WorkingSet (physical memory assigned to process): 10M, peak: 10M
current process commit charge ("private bytes"): 71M, peak: 583M

vm_info: Java HotSpot(TM) 64-Bit Server VM (17.0.4.1+1-LTS-2) for windows-amd64 JRE (17.0.4.1+1-LTS-2), built on Aug 16 2022 18:32:06 by "mach5one" with MS VC++ 16.8 / 16.9 (VS2019)

END.
